           0         0.0000  -1.504724   0.291795  -1.212930 
INFO: seeding the RNG with -1046672383
INFO: Initializing backend 
INFO: Simulation type: MD
INFO: CUDA backend precision: mixed
INFO: The generator will try to take into account bonded interactions by choosing distances between bonded neighbours no larger than 2.000000
INFO: Converting temperature from Celsius (20.000000 C°) to simulation units (0.097717)
INFO: Running Debye-Huckel at salt concentration =  1
INFO: Using different widths for major and minor grooves
INFO: Temperature change detected (new temperature: 20.00 C, 293.15 K), re-initialising the DNA interaction
DEBUG: Debye-Huckel parameters: Q=0.054300, lambda_0=0.361646, lambda=0.357493, r_high=1.072479, cutoff=2.571515
DEBUG: Debye-Huckel parameters: debye_huckel_RC=1.608718e+00, debye_huckel_B=8.766182e-03
INFO: The Debye length at this temperature and salt concentration is 0.357493
INFO: Setting the maximum IO limit to 5 MB/s
INFO: CUDA device not specified
INFO: The generator will try to take into account bonded interactions by choosing distances between bonded neighbours no larger than 2.000000
INFO: Using edge-based approach
INFO: pid: 434690
DEBUG: Debye-Huckel parameters: Q=0.054300, lambda_0=0.361646, lambda=0.357493, r_high=1.072479, cutoff=2.571515
DEBUG: Debye-Huckel parameters: debye_huckel_RC=1.608718e+00, debye_huckel_B=8.766182e-03
INFO: The Debye length at this temperature and salt concentration is 0.357493
INFO: (Cells.cpp) N_cells_side: 19, 19, 19; rcut=3.57152, IS_MC: 0
INFO: N: 2956, N molecules: 45
INFO: Using randomly distributed velocities
INFO: Initial kinetic energy: 862.545206
INFO: Choosing device automatically
INFO: Computer has 1 device
INFO:  - Trying device 0
INFO:  -- device 0 has properties 6.1
INFO:  -- using device 0
INFO:  --- Running on device 0
INFO: threads_per_block was not specified or set to 0. The default value (64) will be used
INFO: CUDA Cells mem: 77.37 MBs, lists mem: 0.01 MBs
INFO: CUDA max_neigh: 2955, max_N_per_cell: 2956, N_cells: 6859 (per side: 19 19 19)
INFO: Allocated CUDA memory: 177.98 MBs

INFO: Total Running Time: 0.981629 s, per step: 0.0981629 ms
INFO: Timings, in seconds, by Timer (total, own, spent in children)
> SimBackend                          0.982 (100.0%)        0.049 (  5.0%)        0.933 ( 95.0%)
***> Hilbert sorting                  0.010 (  1.1%)        0.010 (  1.1%)        0.000 (  0.0%)
***> Lists                            0.040 (  4.1%)        0.040 (  4.1%)        0.000 (  0.0%)
***> Thermostat                       0.013 (  1.4%)        0.013 (  1.4%)        0.000 (  0.0%)
***> Forces                           0.643 ( 65.5%)        0.643 ( 65.5%)        0.000 (  0.0%)
***> First Step                       0.142 ( 14.5%)        0.142 ( 14.5%)        0.000 (  0.0%)
***> Observables                      0.083 (  8.4%)        0.083 (  8.4%)        0.000 (  0.0%)


Please cite at least the following publication for any work that uses the oxDNA simulation package
  * E. Poppleton et al., J. Open Source Softw. 8, 4693 (2023), DOI: 10.21105/joss.04693
Run time: 1.1782607710920274