           0         0.0000  -1.498886   0.292961  -1.205925 
      100000       300.0000  -1.504835   0.296893  -1.207942 
INFO: seeding the RNG with -1538470125
INFO: Initializing backend 
INFO: Simulation type: MD
INFO: CUDA backend precision: mixed
INFO: The generator will try to take into account bonded interactions by choosing distances between bonded neighbours no larger than 2.000000
INFO: Converting temperature from Celsius (20.000000 C°) to simulation units (0.097717)
INFO: Running Debye-Huckel at salt concentration =  1
INFO: Using different widths for major and minor grooves
INFO: Temperature change detected (new temperature: 20.00 C, 293.15 K), re-initialising the DNA interaction
DEBUG: Debye-Huckel parameters: Q=0.054300, lambda_0=0.361646, lambda=0.357493, r_high=1.072479, cutoff=2.571515
DEBUG: Debye-Huckel parameters: debye_huckel_RC=1.608718e+00, debye_huckel_B=8.766182e-03
INFO: The Debye length at this temperature and salt concentration is 0.357493
INFO: Setting the maximum IO limit to 5 MB/s
INFO: Using CUDA device 0
INFO: The generator will try to take into account bonded interactions by choosing distances between bonded neighbours no larger than 2.000000
INFO: Using edge-based approach
INFO: pid: 334275
DEBUG: Debye-Huckel parameters: Q=0.054300, lambda_0=0.361646, lambda=0.357493, r_high=1.072479, cutoff=2.571515
DEBUG: Debye-Huckel parameters: debye_huckel_RC=1.608718e+00, debye_huckel_B=8.766182e-03
INFO: The Debye length at this temperature and salt concentration is 0.357493
INFO: (Cells.cpp) N_cells_side: 19, 19, 19; rcut=3.57152, IS_MC: 0
INFO: N: 2998, N molecules: 47
INFO: Using randomly distributed velocities
INFO: Initial kinetic energy: 878.298134
INFO: threads_per_block was not specified or set to 0. The default value (64) will be used
INFO: CUDA Cells mem: 78.47 MBs, lists mem: 0.01 MBs
INFO: CUDA max_neigh: 2997, max_N_per_cell: 2998, N_cells: 6859 (per side: 19 19 19)
INFO: Allocated CUDA memory: 181.95 MBs

INFO: Total Running Time: 192.384 s, per step: 1.92384 ms
INFO: Timings, in seconds, by Timer (total, own, spent in children)
> SimBackend                        192.384 (100.0%)        0.661 (  0.3%)      191.723 ( 99.7%)
***> Hilbert sorting                  0.176 (  0.1%)        0.176 (  0.1%)        0.000 (  0.0%)
***> Lists                            2.002 (  1.0%)        2.002 (  1.0%)        0.000 (  0.0%)
***> Thermostat                       1.080 (  0.6%)        1.080 (  0.6%)        0.000 (  0.0%)
***> Forces                          98.993 ( 51.5%)       98.993 ( 51.5%)        0.000 (  0.0%)
***> First Step                      88.975 ( 46.2%)       88.975 ( 46.2%)        0.000 (  0.0%)
***> Observables                      0.496 (  0.3%)        0.496 (  0.3%)        0.000 (  0.0%)


Please cite at least the following publication for any work that uses the oxDNA simulation package
  * E. Poppleton et al., J. Open Source Softw. 8, 4693 (2023), DOI: 10.21105/joss.04693
Run time: 194.83611796796322