           0         0.0000  -1.501221   0.292403  -1.208818 
      100000       300.0000  -1.489013   0.291690  -1.197323 
INFO: seeding the RNG with -565228902
INFO: Initializing backend 
INFO: Simulation type: MD
INFO: CUDA backend precision: mixed
INFO: The generator will try to take into account bonded interactions by choosing distances between bonded neighbours no larger than 2.000000
INFO: Converting temperature from Celsius (20.000000 C°) to simulation units (0.097717)
INFO: Running Debye-Huckel at salt concentration =  1
INFO: Using different widths for major and minor grooves
INFO: Temperature change detected (new temperature: 20.00 C, 293.15 K), re-initialising the DNA interaction
DEBUG: Debye-Huckel parameters: Q=0.054300, lambda_0=0.361646, lambda=0.357493, r_high=1.072479, cutoff=2.571515
DEBUG: Debye-Huckel parameters: debye_huckel_RC=1.608718e+00, debye_huckel_B=8.766182e-03
INFO: The Debye length at this temperature and salt concentration is 0.357493
INFO: Setting the maximum IO limit to 5 MB/s
INFO: Using CUDA device 0
INFO: The generator will try to take into account bonded interactions by choosing distances between bonded neighbours no larger than 2.000000
INFO: Using edge-based approach
INFO: pid: 336419
DEBUG: Debye-Huckel parameters: Q=0.054300, lambda_0=0.361646, lambda=0.357493, r_high=1.072479, cutoff=2.571515
DEBUG: Debye-Huckel parameters: debye_huckel_RC=1.608718e+00, debye_huckel_B=8.766182e-03
INFO: The Debye length at this temperature and salt concentration is 0.357493
INFO: (Cells.cpp) N_cells_side: 19, 19, 19; rcut=3.57152, IS_MC: 0
INFO: N: 2970, N molecules: 46
INFO: Using randomly distributed velocities
INFO: Initial kinetic energy: 868.436986
INFO: threads_per_block was not specified or set to 0. The default value (64) will be used
INFO: CUDA Cells mem: 77.74 MBs, lists mem: 0.01 MBs
INFO: CUDA max_neigh: 2969, max_N_per_cell: 2970, N_cells: 6859 (per side: 19 19 19)
INFO: Allocated CUDA memory: 179.30 MBs

INFO: Total Running Time: 190.089 s, per step: 1.90089 ms
INFO: Timings, in seconds, by Timer (total, own, spent in children)
> SimBackend                        190.089 (100.0%)        0.667 (  0.4%)      189.421 ( 99.6%)
***> Hilbert sorting                  0.191 (  0.1%)        0.191 (  0.1%)        0.000 (  0.0%)
***> Lists                            2.055 (  1.1%)        2.055 (  1.1%)        0.000 (  0.0%)
***> Thermostat                       1.079 (  0.6%)        1.079 (  0.6%)        0.000 (  0.0%)
***> Forces                          96.269 ( 50.6%)       96.269 ( 50.6%)        0.000 (  0.0%)
***> First Step                      89.318 ( 47.0%)       89.318 ( 47.0%)        0.000 (  0.0%)
***> Observables                      0.509 (  0.3%)        0.509 (  0.3%)        0.000 (  0.0%)


Please cite at least the following publication for any work that uses the oxDNA simulation package
  * E. Poppleton et al., J. Open Source Softw. 8, 4693 (2023), DOI: 10.21105/joss.04693
Run time: 196.87238232698292