           0  -0.616284   0.000  0.000  0.000  
         100  -1.532908   0.055  0.594  0.000  
         200  -1.517007   0.060  0.600  0.000  
         300  -1.502620   0.062  0.602  0.000  
         400  -1.500193   0.064  0.604  0.000  
         500  -1.501677   0.065  0.605  0.000  
         600  -1.500048   0.065  0.606  0.000  
         700  -1.502464   0.066  0.607  0.000  
         800  -1.505223   0.066  0.607  0.000  
         900  -1.494894   0.067  0.608  0.000  
        1000  -1.496643   0.067  0.608  0.000  
INFO: seeding the RNG with -444085443
INFO: Initializing backend 

WARNING: The 'backend_precision' option cannot be set by input file when running on CPU

INFO: Simulation type: MC
INFO: The generator will try to take into account bonded interactions by choosing distances between bonded neighbours no larger than 2.000000
INFO: Converting temperature from Celsius (30.000000 C°) to simulation units (0.101050)
INFO: Using a maximum backbone force of 200  (the corresponding mbf_xmax is 0.24505) and a far value of 200
INFO: Running Debye-Huckel at salt concentration =  1
INFO: Using different widths for major and minor grooves
INFO: Temperature change detected (new temperature: 30.00 C, 303.15 K), re-initialising the DNA interaction
DEBUG: Debye-Huckel parameters: Q=0.054300, lambda_0=0.361646, lambda=0.363539, r_high=1.090618, cutoff=2.598724
DEBUG: Debye-Huckel parameters: debye_huckel_RC=1.635926e+00, debye_huckel_B=8.336024e-03
INFO: The Debye length at this temperature and salt concentration is 0.363539
INFO: Setting the maximum IO limit to 5 MB/s
INFO: pid: 333422
DEBUG: Debye-Huckel parameters: Q=0.054300, lambda_0=0.361646, lambda=0.363539, r_high=1.090618, cutoff=2.598724
DEBUG: Debye-Huckel parameters: debye_huckel_RC=1.635926e+00, debye_huckel_B=8.336024e-03
INFO: The Debye length at this temperature and salt concentration is 0.363539
INFO: (Cells.cpp) N_cells_side: 19, 19, 19; rcut=3.59872, IS_MC: 1
INFO: N: 2991, N molecules: 47

INFO: Total Running Time: 30.8677 s, per step: 30.8677 ms
INFO: Timings, in seconds, by Timer (total, own, spent in children)
> SimBackend                         30.868 (100.0%)        2.059 (  6.7%)       28.809 ( 93.3%)
***> Rotations+Translations          28.144 ( 91.2%)       28.144 ( 91.2%)        0.000 (  0.0%)
***> Observables                      0.665 (  2.2%)        0.665 (  2.2%)        0.000 (  0.0%)
> Lists                               0.234 (  0.8%)        0.234 (  0.8%)        0.000 (  0.0%)


Please cite at least the following publication for any work that uses the oxDNA simulation package
  * E. Poppleton et al., J. Open Source Softw. 8, 4693 (2023), DOI: 10.21105/joss.04693
Run time: 32.10424638201948