           0         0.0000  -1.511197   0.290807  -1.220390 
INFO: seeding the RNG with 1121291855
INFO: Initializing backend 
INFO: Simulation type: MD
INFO: CUDA backend precision: mixed
INFO: The generator will try to take into account bonded interactions by choosing distances between bonded neighbours no larger than 2.000000
INFO: Converting temperature from Celsius (20.000000 C°) to simulation units (0.097717)
INFO: Running Debye-Huckel at salt concentration =  1
INFO: Using different widths for major and minor grooves
INFO: Temperature change detected (new temperature: 20.00 C, 293.15 K), re-initialising the DNA interaction
DEBUG: Debye-Huckel parameters: Q=0.054300, lambda_0=0.361646, lambda=0.357493, r_high=1.072479, cutoff=2.571515
DEBUG: Debye-Huckel parameters: debye_huckel_RC=1.608718e+00, debye_huckel_B=8.766182e-03
INFO: The Debye length at this temperature and salt concentration is 0.357493
INFO: Setting the maximum IO limit to 5 MB/s
INFO: Using CUDA device 0
INFO: The generator will try to take into account bonded interactions by choosing distances between bonded neighbours no larger than 2.000000
INFO: Using edge-based approach
INFO: pid: 61706
DEBUG: Debye-Huckel parameters: Q=0.054300, lambda_0=0.361646, lambda=0.357493, r_high=1.072479, cutoff=2.571515
DEBUG: Debye-Huckel parameters: debye_huckel_RC=1.608718e+00, debye_huckel_B=8.766182e-03
INFO: The Debye length at this temperature and salt concentration is 0.357493
INFO: (Cells.cpp) N_cells_side: 21, 21, 21; rcut=3.57152, IS_MC: 0
INFO: N: 4372, N molecules: 67
INFO: Using randomly distributed velocities
INFO: Initial kinetic energy: 1271.408859
INFO: threads_per_block was not specified or set to 0. The default value (64) will be used
INFO: CUDA Cells mem: 154.49 MBs, lists mem: 0.02 MBs
INFO: CUDA max_neigh: 4371, max_N_per_cell: 4372, N_cells: 9261 (per side: 21 21 21)
INFO: Allocated CUDA memory: 374.14 MBs

INFO: Total Running Time: 0.26918 s, per step: 0.26918 ms
INFO: Timings, in seconds, by Timer (total, own, spent in children)
> SimBackend                          0.269 (100.0%)        0.005 (  1.8%)        0.264 ( 98.2%)
***> Hilbert sorting                  0.001 (  0.4%)        0.001 (  0.4%)        0.000 (  0.0%)
***> Lists                            0.005 (  2.0%)        0.005 (  2.0%)        0.000 (  0.0%)
***> Thermostat                       0.001 (  0.5%)        0.001 (  0.5%)        0.000 (  0.0%)
***> Forces                           0.114 ( 42.3%)        0.114 ( 42.3%)        0.000 (  0.0%)
***> First Step                       0.015 (  5.5%)        0.015 (  5.5%)        0.000 (  0.0%)
***> Observables                      0.128 ( 47.4%)        0.128 ( 47.4%)        0.000 (  0.0%)


Please cite at least the following publication for any work that uses the oxDNA simulation package
  * E. Poppleton et al., J. Open Source Softw. 8, 4693 (2023), DOI: 10.21105/joss.04693
Run time: 0.5603463750012452