           0         0.0000  -1.493534   0.295436  -1.198098 
      100000       300.0000  -1.497471   0.295758  -1.201713 
INFO: seeding the RNG with -784189999
INFO: Initializing backend 
INFO: Simulation type: MD
INFO: CUDA backend precision: mixed
INFO: The generator will try to take into account bonded interactions by choosing distances between bonded neighbours no larger than 2.000000
INFO: Converting temperature from Celsius (20.000000 C°) to simulation units (0.097717)
INFO: Running Debye-Huckel at salt concentration =  1
INFO: Using different widths for major and minor grooves
INFO: Temperature change detected (new temperature: 20.00 C, 293.15 K), re-initialising the DNA interaction
DEBUG: Debye-Huckel parameters: Q=0.054300, lambda_0=0.361646, lambda=0.357493, r_high=1.072479, cutoff=2.571515
DEBUG: Debye-Huckel parameters: debye_huckel_RC=1.608718e+00, debye_huckel_B=8.766182e-03
INFO: The Debye length at this temperature and salt concentration is 0.357493
INFO: Setting the maximum IO limit to 5 MB/s
INFO: Using CUDA device 0
INFO: The generator will try to take into account bonded interactions by choosing distances between bonded neighbours no larger than 2.000000
INFO: Using edge-based approach
INFO: pid: 113869
DEBUG: Debye-Huckel parameters: Q=0.054300, lambda_0=0.361646, lambda=0.357493, r_high=1.072479, cutoff=2.571515
DEBUG: Debye-Huckel parameters: debye_huckel_RC=1.608718e+00, debye_huckel_B=8.766182e-03
INFO: The Debye length at this temperature and salt concentration is 0.357493
INFO: (Cells.cpp) N_cells_side: 19, 19, 19; rcut=3.57152, IS_MC: 0
INFO: N: 3012, N molecules: 47
INFO: Using randomly distributed velocities
INFO: Initial kinetic energy: 889.852241
INFO: threads_per_block was not specified or set to 0. The default value (64) will be used
INFO: CUDA Cells mem: 78.84 MBs, lists mem: 0.01 MBs
INFO: CUDA max_neigh: 3011, max_N_per_cell: 3012, N_cells: 6859 (per side: 19 19 19)
INFO: Allocated CUDA memory: 183.28 MBs

INFO: Total Running Time: 61.7404 s, per step: 0.617404 ms
INFO: Timings, in seconds, by Timer (total, own, spent in children)
> SimBackend                         61.740 (100.0%)        0.502 (  0.8%)       61.238 ( 99.2%)
***> Hilbert sorting                  0.116 (  0.2%)        0.116 (  0.2%)        0.000 (  0.0%)
***> Lists                            0.801 (  1.3%)        0.801 (  1.3%)        0.000 (  0.0%)
***> Thermostat                       0.412 (  0.7%)        0.412 (  0.7%)        0.000 (  0.0%)
***> Forces                          35.530 ( 57.5%)       35.530 ( 57.5%)        0.000 (  0.0%)
***> First Step                      23.975 ( 38.8%)       23.975 ( 38.8%)        0.000 (  0.0%)
***> Observables                      0.404 (  0.7%)        0.404 (  0.7%)        0.000 (  0.0%)


Please cite at least the following publication for any work that uses the oxDNA simulation package
  * E. Poppleton et al., J. Open Source Softw. 8, 4693 (2023), DOI: 10.21105/joss.04693
Run time: 63.2856572640012