           0  -0.578911   0.000  0.000  0.000  
         100  -1.540637   0.055  0.591  0.000  
         200  -1.527485   0.059  0.596  0.000  
         300  -1.522197   0.060  0.600  0.000  
         400  -1.514418   0.062  0.601  0.000  
         500  -1.515431   0.063  0.603  0.000  
         600  -1.516963   0.063  0.603  0.000  
         700  -1.509810   0.064  0.603  0.000  
         800  -1.514076   0.064  0.604  0.000  
         900  -1.511192   0.064  0.604  0.000  
        1000  -1.506962   0.065  0.605  0.000  
INFO: seeding the RNG with 953354220
INFO: Initializing backend 

WARNING: The 'backend_precision' option cannot be set by input file when running on CPU

INFO: Simulation type: MC
INFO: The generator will try to take into account bonded interactions by choosing distances between bonded neighbours no larger than 2.000000
INFO: Converting temperature from Celsius (30.000000 C°) to simulation units (0.101050)
INFO: Using a maximum backbone force of 50  (the corresponding mbf_xmax is 0.230799) and a far value of 0.04
INFO: Running Debye-Huckel at salt concentration =  1
INFO: Using different widths for major and minor grooves
INFO: Temperature change detected (new temperature: 30.00 C, 303.15 K), re-initialising the DNA interaction
DEBUG: Debye-Huckel parameters: Q=0.054300, lambda_0=0.361646, lambda=0.363539, r_high=1.090618, cutoff=2.598724
DEBUG: Debye-Huckel parameters: debye_huckel_RC=1.635926e+00, debye_huckel_B=8.336024e-03
INFO: The Debye length at this temperature and salt concentration is 0.363539
INFO: Setting the maximum IO limit to 5 MB/s
INFO: pid: 257751
DEBUG: Debye-Huckel parameters: Q=0.054300, lambda_0=0.361646, lambda=0.363539, r_high=1.090618, cutoff=2.598724
DEBUG: Debye-Huckel parameters: debye_huckel_RC=1.635926e+00, debye_huckel_B=8.336024e-03
INFO: The Debye length at this temperature and salt concentration is 0.363539
INFO: (Cells.cpp) N_cells_side: 19, 19, 19; rcut=3.59872, IS_MC: 1
INFO: N: 3047, N molecules: 48

INFO: Total Running Time: 31.5802 s, per step: 31.5802 ms
INFO: Timings, in seconds, by Timer (total, own, spent in children)
> SimBackend                         31.580 (100.0%)        2.109 (  6.7%)       29.471 ( 93.3%)
***> Rotations+Translations          28.802 ( 91.2%)       28.802 ( 91.2%)        0.000 (  0.0%)
***> Observables                      0.669 (  2.1%)        0.669 (  2.1%)        0.000 (  0.0%)
> Lists                               0.159 (  0.5%)        0.159 (  0.5%)        0.000 (  0.0%)


Please cite at least the following publication for any work that uses the oxDNA simulation package
  * E. Poppleton et al., J. Open Source Softw. 8, 4693 (2023), DOI: 10.21105/joss.04693
Run time: 32.71300040499773