           0         0.0000  -1.491634   0.290586  -1.201048 
      100000       300.0000  -1.500618   0.292187  -1.208431 
INFO: seeding the RNG with -683118565
INFO: Initializing backend 
INFO: Simulation type: MD
INFO: CUDA backend precision: mixed
INFO: The generator will try to take into account bonded interactions by choosing distances between bonded neighbours no larger than 2.000000
INFO: Converting temperature from Celsius (20.000000 C°) to simulation units (0.097717)
INFO: Running Debye-Huckel at salt concentration =  1
INFO: Using different widths for major and minor grooves
INFO: Temperature change detected (new temperature: 20.00 C, 293.15 K), re-initialising the DNA interaction
DEBUG: Debye-Huckel parameters: Q=0.054300, lambda_0=0.361646, lambda=0.357493, r_high=1.072479, cutoff=2.571515
DEBUG: Debye-Huckel parameters: debye_huckel_RC=1.608718e+00, debye_huckel_B=8.766182e-03
INFO: The Debye length at this temperature and salt concentration is 0.357493
INFO: Setting the maximum IO limit to 5 MB/s
INFO: Using CUDA device 0
INFO: The generator will try to take into account bonded interactions by choosing distances between bonded neighbours no larger than 2.000000
INFO: Using edge-based approach
INFO: pid: 335301
DEBUG: Debye-Huckel parameters: Q=0.054300, lambda_0=0.361646, lambda=0.357493, r_high=1.072479, cutoff=2.571515
DEBUG: Debye-Huckel parameters: debye_huckel_RC=1.608718e+00, debye_huckel_B=8.766182e-03
INFO: The Debye length at this temperature and salt concentration is 0.357493
INFO: (Cells.cpp) N_cells_side: 19, 19, 19; rcut=3.57152, IS_MC: 0
INFO: N: 2984, N molecules: 46
INFO: Using randomly distributed velocities
INFO: Initial kinetic energy: 867.109040
INFO: threads_per_block was not specified or set to 0. The default value (64) will be used
INFO: CUDA Cells mem: 78.10 MBs, lists mem: 0.01 MBs
INFO: CUDA max_neigh: 2983, max_N_per_cell: 2984, N_cells: 6859 (per side: 19 19 19)
INFO: Allocated CUDA memory: 180.62 MBs

INFO: Total Running Time: 191.506 s, per step: 1.91506 ms
INFO: Timings, in seconds, by Timer (total, own, spent in children)
> SimBackend                        191.506 (100.0%)        0.682 (  0.4%)      190.824 ( 99.6%)
***> Hilbert sorting                  0.204 (  0.1%)        0.204 (  0.1%)        0.000 (  0.0%)
***> Lists                            1.914 (  1.0%)        1.914 (  1.0%)        0.000 (  0.0%)
***> Thermostat                       1.084 (  0.6%)        1.084 (  0.6%)        0.000 (  0.0%)
***> Forces                          96.454 ( 50.4%)       96.454 ( 50.4%)        0.000 (  0.0%)
***> First Step                      90.643 ( 47.3%)       90.643 ( 47.3%)        0.000 (  0.0%)
***> Observables                      0.524 (  0.3%)        0.524 (  0.3%)        0.000 (  0.0%)


Please cite at least the following publication for any work that uses the oxDNA simulation package
  * E. Poppleton et al., J. Open Source Softw. 8, 4693 (2023), DOI: 10.21105/joss.04693
Run time: 204.38113011990208