           0         0.0000  -1.509259   0.294203  -1.215057 
      100000       300.0000  -1.505524   0.293439  -1.212086 
INFO: seeding the RNG with 829867025
INFO: Initializing backend 
INFO: Simulation type: MD
INFO: CUDA backend precision: mixed
INFO: The generator will try to take into account bonded interactions by choosing distances between bonded neighbours no larger than 2.000000
INFO: Converting temperature from Celsius (20.000000 C°) to simulation units (0.097717)
INFO: Running Debye-Huckel at salt concentration =  1
INFO: Using different widths for major and minor grooves
INFO: Temperature change detected (new temperature: 20.00 C, 293.15 K), re-initialising the DNA interaction
DEBUG: Debye-Huckel parameters: Q=0.054300, lambda_0=0.361646, lambda=0.357493, r_high=1.072479, cutoff=2.571515
DEBUG: Debye-Huckel parameters: debye_huckel_RC=1.608718e+00, debye_huckel_B=8.766182e-03
INFO: The Debye length at this temperature and salt concentration is 0.357493
INFO: Setting the maximum IO limit to 5 MB/s
INFO: Using CUDA device 0
INFO: The generator will try to take into account bonded interactions by choosing distances between bonded neighbours no larger than 2.000000
INFO: Using edge-based approach
INFO: pid: 114183
DEBUG: Debye-Huckel parameters: Q=0.054300, lambda_0=0.361646, lambda=0.357493, r_high=1.072479, cutoff=2.571515
DEBUG: Debye-Huckel parameters: debye_huckel_RC=1.608718e+00, debye_huckel_B=8.766182e-03
INFO: The Debye length at this temperature and salt concentration is 0.357493
INFO: (Cells.cpp) N_cells_side: 19, 19, 19; rcut=3.57152, IS_MC: 0
INFO: N: 3026, N molecules: 47
INFO: Using randomly distributed velocities
INFO: Initial kinetic energy: 890.258088
INFO: threads_per_block was not specified or set to 0. The default value (64) will be used
INFO: CUDA Cells mem: 79.20 MBs, lists mem: 0.01 MBs
INFO: CUDA max_neigh: 3025, max_N_per_cell: 3026, N_cells: 6859 (per side: 19 19 19)
INFO: Allocated CUDA memory: 184.62 MBs

INFO: Total Running Time: 189.953 s, per step: 1.89953 ms
INFO: Timings, in seconds, by Timer (total, own, spent in children)
> SimBackend                        189.953 (100.0%)        0.655 (  0.3%)      189.298 ( 99.7%)
***> Hilbert sorting                  0.182 (  0.1%)        0.182 (  0.1%)        0.000 (  0.0%)
***> Lists                            1.943 (  1.0%)        1.943 (  1.0%)        0.000 (  0.0%)
***> Thermostat                       1.080 (  0.6%)        1.080 (  0.6%)        0.000 (  0.0%)
***> Forces                          97.064 ( 51.1%)       97.064 ( 51.1%)        0.000 (  0.0%)
***> First Step                      88.527 ( 46.6%)       88.527 ( 46.6%)        0.000 (  0.0%)
***> Observables                      0.502 (  0.3%)        0.502 (  0.3%)        0.000 (  0.0%)


Please cite at least the following publication for any work that uses the oxDNA simulation package
  * E. Poppleton et al., J. Open Source Softw. 8, 4693 (2023), DOI: 10.21105/joss.04693
Run time: 191.40085877099773