           0         0.0000  -1.513032   0.297343  -1.215689 
INFO: seeding the RNG with -1784296208
INFO: Initializing backend 
INFO: Simulation type: MD
INFO: CUDA backend precision: mixed
INFO: The generator will try to take into account bonded interactions by choosing distances between bonded neighbours no larger than 2.000000
INFO: Converting temperature from Celsius (20.000000 C°) to simulation units (0.097717)
INFO: Running Debye-Huckel at salt concentration =  1
INFO: Using different widths for major and minor grooves
INFO: Temperature change detected (new temperature: 20.00 C, 293.15 K), re-initialising the DNA interaction
DEBUG: Debye-Huckel parameters: Q=0.054300, lambda_0=0.361646, lambda=0.357493, r_high=1.072479, cutoff=2.571515
DEBUG: Debye-Huckel parameters: debye_huckel_RC=1.608718e+00, debye_huckel_B=8.766182e-03
INFO: The Debye length at this temperature and salt concentration is 0.357493
INFO: Setting the maximum IO limit to 5 MB/s
INFO: Using CUDA device 0
INFO: The generator will try to take into account bonded interactions by choosing distances between bonded neighbours no larger than 2.000000
INFO: Using edge-based approach
INFO: pid: 79115
DEBUG: Debye-Huckel parameters: Q=0.054300, lambda_0=0.361646, lambda=0.357493, r_high=1.072479, cutoff=2.571515
DEBUG: Debye-Huckel parameters: debye_huckel_RC=1.608718e+00, debye_huckel_B=8.766182e-03
INFO: The Debye length at this temperature and salt concentration is 0.357493
INFO: (Cells.cpp) N_cells_side: 21, 21, 21; rcut=3.57152, IS_MC: 0
INFO: N: 4393, N molecules: 67
INFO: Using randomly distributed velocities
INFO: Initial kinetic energy: 1306.226645
INFO: threads_per_block was not specified or set to 0. The default value (64) will be used
INFO: CUDA Cells mem: 155.23 MBs, lists mem: 0.02 MBs
INFO: CUDA max_neigh: 4392, max_N_per_cell: 4393, N_cells: 9261 (per side: 21 21 21)
INFO: Allocated CUDA memory: 376.99 MBs

INFO: Total Running Time: 0.30596 s, per step: 0.30596 ms
INFO: Timings, in seconds, by Timer (total, own, spent in children)
> SimBackend                          0.306 (100.0%)        0.005 (  1.8%)        0.301 ( 98.2%)
***> Hilbert sorting                  0.001 (  0.4%)        0.001 (  0.4%)        0.000 (  0.0%)
***> Lists                            0.005 (  1.6%)        0.005 (  1.6%)        0.000 (  0.0%)
***> Thermostat                       0.002 (  0.6%)        0.002 (  0.6%)        0.000 (  0.0%)
***> Forces                           0.113 ( 37.0%)        0.113 ( 37.0%)        0.000 (  0.0%)
***> First Step                       0.030 (  9.9%)        0.030 (  9.9%)        0.000 (  0.0%)
***> Observables                      0.149 ( 48.8%)        0.149 ( 48.8%)        0.000 (  0.0%)


Please cite at least the following publication for any work that uses the oxDNA simulation package
  * E. Poppleton et al., J. Open Source Softw. 8, 4693 (2023), DOI: 10.21105/joss.04693
Run time: 0.6085745109885465