           0         0.0000  -1.498116   0.296429  -1.201687 
INFO: seeding the RNG with -2102028790
INFO: Initializing backend 
INFO: Simulation type: MD
INFO: CUDA backend precision: mixed
INFO: The generator will try to take into account bonded interactions by choosing distances between bonded neighbours no larger than 2.000000
INFO: Converting temperature from Celsius (20.000000 C°) to simulation units (0.097717)
INFO: Running Debye-Huckel at salt concentration =  1
INFO: Using different widths for major and minor grooves
INFO: Temperature change detected (new temperature: 20.00 C, 293.15 K), re-initialising the DNA interaction
DEBUG: Debye-Huckel parameters: Q=0.054300, lambda_0=0.361646, lambda=0.357493, r_high=1.072479, cutoff=2.571515
DEBUG: Debye-Huckel parameters: debye_huckel_RC=1.608718e+00, debye_huckel_B=8.766182e-03
INFO: The Debye length at this temperature and salt concentration is 0.357493
INFO: Setting the maximum IO limit to 5 MB/s
INFO: Using CUDA device 0
INFO: The generator will try to take into account bonded interactions by choosing distances between bonded neighbours no larger than 2.000000
INFO: Using edge-based approach
INFO: pid: 560600
DEBUG: Debye-Huckel parameters: Q=0.054300, lambda_0=0.361646, lambda=0.357493, r_high=1.072479, cutoff=2.571515
DEBUG: Debye-Huckel parameters: debye_huckel_RC=1.608718e+00, debye_huckel_B=8.766182e-03
INFO: The Debye length at this temperature and salt concentration is 0.357493
INFO: (Cells.cpp) N_cells_side: 18, 18, 18; rcut=3.57152, IS_MC: 0
INFO: N: 2879, N molecules: 43
INFO: Using randomly distributed velocities
INFO: Initial kinetic energy: 853.420053
INFO: threads_per_block was not specified or set to 0. The default value (64) will be used
INFO: CUDA Cells mem: 64.07 MBs, lists mem: 0.01 MBs
INFO: CUDA max_neigh: 2878, max_N_per_cell: 2879, N_cells: 5832 (per side: 18 18 18)
INFO: Allocated CUDA memory: 159.52 MBs

INFO: Total Running Time: 0.156141 s, per step: 0.156141 ms
INFO: Timings, in seconds, by Timer (total, own, spent in children)
> SimBackend                          0.156 (100.0%)        0.005 (  3.1%)        0.151 ( 96.9%)
***> Hilbert sorting                  0.001 (  0.7%)        0.001 (  0.7%)        0.000 (  0.0%)
***> Lists                            0.004 (  2.7%)        0.004 (  2.7%)        0.000 (  0.0%)
***> Thermostat                       0.001 (  0.9%)        0.001 (  0.9%)        0.000 (  0.0%)
***> Forces                           0.066 ( 42.4%)        0.066 ( 42.4%)        0.000 (  0.0%)
***> First Step                       0.014 (  8.7%)        0.014 (  8.7%)        0.000 (  0.0%)
***> Observables                      0.065 ( 41.5%)        0.065 ( 41.5%)        0.000 (  0.0%)


Please cite at least the following publication for any work that uses the oxDNA simulation package
  * E. Poppleton et al., J. Open Source Softw. 8, 4693 (2023), DOI: 10.21105/joss.04693
Run time: 0.32967866910621524