           0  -0.652833   0.000  0.000  0.000  
         100  -1.507984   0.061  0.602  0.000  
INFO: seeding the RNG with 282664832
INFO: Initializing backend 

WARNING: The 'backend_precision' option cannot be set by input file when running on CPU

INFO: Simulation type: MC
INFO: The generator will try to take into account bonded interactions by choosing distances between bonded neighbours no larger than 2.000000
INFO: Converting temperature from Celsius (30.000000 C°) to simulation units (0.101050)
INFO: Using a maximum backbone force of 200  (the corresponding mbf_xmax is 0.24505) and a far value of 200
INFO: Running Debye-Huckel at salt concentration =  1
INFO: Using different widths for major and minor grooves
INFO: Temperature change detected (new temperature: 30.00 C, 303.15 K), re-initialising the DNA interaction
DEBUG: Debye-Huckel parameters: Q=0.054300, lambda_0=0.361646, lambda=0.363539, r_high=1.090618, cutoff=2.598724
DEBUG: Debye-Huckel parameters: debye_huckel_RC=1.635926e+00, debye_huckel_B=8.336024e-03
INFO: The Debye length at this temperature and salt concentration is 0.363539
INFO: Setting the maximum IO limit to 5 MB/s
INFO: pid: 560517
DEBUG: Debye-Huckel parameters: Q=0.054300, lambda_0=0.361646, lambda=0.363539, r_high=1.090618, cutoff=2.598724
DEBUG: Debye-Huckel parameters: debye_huckel_RC=1.635926e+00, debye_huckel_B=8.336024e-03
INFO: The Debye length at this temperature and salt concentration is 0.363539
INFO: (Cells.cpp) N_cells_side: 18, 18, 18; rcut=3.59872, IS_MC: 1
INFO: N: 2879, N molecules: 43

INFO: Total Running Time: 2.36165 s, per step: 23.6166 ms
INFO: Timings, in seconds, by Timer (total, own, spent in children)
> SimBackend                          2.362 (100.0%)        0.188 (  8.0%)        2.173 ( 92.0%)
***> Rotations+Translations           2.077 ( 88.0%)        2.077 ( 88.0%)        0.000 (  0.0%)
***> Observables                      0.096 (  4.1%)        0.096 (  4.1%)        0.000 (  0.0%)
> Lists                               0.000 (  0.0%)        0.000 (  0.0%)        0.000 (  0.0%)


Please cite at least the following publication for any work that uses the oxDNA simulation package
  * E. Poppleton et al., J. Open Source Softw. 8, 4693 (2023), DOI: 10.21105/joss.04693
Run time: 2.532200909918174