           0         0.0000  -1.488122   0.296971  -1.191150 
      100000       300.0000  -1.489881   0.293258  -1.196624 
INFO: seeding the RNG with 737078754
INFO: Initializing backend 
INFO: Simulation type: MD
INFO: CUDA backend precision: mixed
INFO: The generator will try to take into account bonded interactions by choosing distances between bonded neighbours no larger than 2.000000
INFO: Converting temperature from Celsius (20.000000 C°) to simulation units (0.097717)
INFO: Running Debye-Huckel at salt concentration =  1
INFO: Using different widths for major and minor grooves
INFO: Temperature change detected (new temperature: 20.00 C, 293.15 K), re-initialising the DNA interaction
DEBUG: Debye-Huckel parameters: Q=0.054300, lambda_0=0.361646, lambda=0.357493, r_high=1.072479, cutoff=2.571515
DEBUG: Debye-Huckel parameters: debye_huckel_RC=1.608718e+00, debye_huckel_B=8.766182e-03
INFO: The Debye length at this temperature and salt concentration is 0.357493
INFO: Setting the maximum IO limit to 5 MB/s
INFO: Using CUDA device 0
INFO: The generator will try to take into account bonded interactions by choosing distances between bonded neighbours no larger than 2.000000
INFO: Using edge-based approach
INFO: pid: 115510
DEBUG: Debye-Huckel parameters: Q=0.054300, lambda_0=0.361646, lambda=0.357493, r_high=1.072479, cutoff=2.571515
DEBUG: Debye-Huckel parameters: debye_huckel_RC=1.608718e+00, debye_huckel_B=8.766182e-03
INFO: The Debye length at this temperature and salt concentration is 0.357493
INFO: (Cells.cpp) N_cells_side: 19, 19, 19; rcut=3.57152, IS_MC: 0
INFO: N: 2956, N molecules: 46
INFO: Using randomly distributed velocities
INFO: Initial kinetic energy: 877.847648
INFO: threads_per_block was not specified or set to 0. The default value (64) will be used
INFO: CUDA Cells mem: 77.37 MBs, lists mem: 0.01 MBs
INFO: CUDA max_neigh: 2955, max_N_per_cell: 2956, N_cells: 6859 (per side: 19 19 19)
INFO: Allocated CUDA memory: 177.98 MBs

INFO: Total Running Time: 124.354 s, per step: 1.24354 ms
INFO: Timings, in seconds, by Timer (total, own, spent in children)
> SimBackend                        124.354 (100.0%)        0.640 (  0.5%)      123.714 ( 99.5%)
***> Hilbert sorting                  0.167 (  0.1%)        0.167 (  0.1%)        0.000 (  0.0%)
***> Lists                            1.466 (  1.2%)        1.466 (  1.2%)        0.000 (  0.0%)
***> Thermostat                       0.694 (  0.6%)        0.694 (  0.6%)        0.000 (  0.0%)
***> Forces                          66.321 ( 53.3%)       66.321 ( 53.3%)        0.000 (  0.0%)
***> First Step                      54.581 ( 43.9%)       54.581 ( 43.9%)        0.000 (  0.0%)
***> Observables                      0.484 (  0.4%)        0.484 (  0.4%)        0.000 (  0.0%)


Please cite at least the following publication for any work that uses the oxDNA simulation package
  * E. Poppleton et al., J. Open Source Softw. 8, 4693 (2023), DOI: 10.21105/joss.04693
Run time: 125.17154155002208