           0         0.0000  -1.516017   0.294658  -1.221359 
      100000       300.0000  -1.517967   0.292970  -1.224997 
INFO: seeding the RNG with -1282794912
INFO: Initializing backend 
INFO: Simulation type: MD
INFO: CUDA backend precision: mixed
INFO: The generator will try to take into account bonded interactions by choosing distances between bonded neighbours no larger than 2.000000
INFO: Converting temperature from Celsius (20.000000 C°) to simulation units (0.097717)
INFO: Running Debye-Huckel at salt concentration =  1
INFO: Using different widths for major and minor grooves
INFO: Temperature change detected (new temperature: 20.00 C, 293.15 K), re-initialising the DNA interaction
DEBUG: Debye-Huckel parameters: Q=0.054300, lambda_0=0.361646, lambda=0.357493, r_high=1.072479, cutoff=2.571515
DEBUG: Debye-Huckel parameters: debye_huckel_RC=1.608718e+00, debye_huckel_B=8.766182e-03
INFO: The Debye length at this temperature and salt concentration is 0.357493
INFO: Setting the maximum IO limit to 5 MB/s
INFO: Using CUDA device 0
INFO: The generator will try to take into account bonded interactions by choosing distances between bonded neighbours no larger than 2.000000
INFO: Using edge-based approach
INFO: pid: 332966
DEBUG: Debye-Huckel parameters: Q=0.054300, lambda_0=0.361646, lambda=0.357493, r_high=1.072479, cutoff=2.571515
DEBUG: Debye-Huckel parameters: debye_huckel_RC=1.608718e+00, debye_huckel_B=8.766182e-03
INFO: The Debye length at this temperature and salt concentration is 0.357493
INFO: (Cells.cpp) N_cells_side: 19, 19, 19; rcut=3.57152, IS_MC: 0
INFO: N: 3047, N molecules: 48
INFO: Using randomly distributed velocities
INFO: Initial kinetic energy: 897.822784
INFO: threads_per_block was not specified or set to 0. The default value (64) will be used
INFO: CUDA Cells mem: 79.75 MBs, lists mem: 0.01 MBs
INFO: CUDA max_neigh: 3046, max_N_per_cell: 3047, N_cells: 6859 (per side: 19 19 19)
INFO: Allocated CUDA memory: 186.63 MBs

INFO: Total Running Time: 103.216 s, per step: 1.03216 ms
INFO: Timings, in seconds, by Timer (total, own, spent in children)
> SimBackend                        103.216 (100.0%)        0.514 (  0.5%)      102.701 ( 99.5%)
***> Hilbert sorting                  0.124 (  0.1%)        0.124 (  0.1%)        0.000 (  0.0%)
***> Lists                            1.260 (  1.2%)        1.260 (  1.2%)        0.000 (  0.0%)
***> Thermostat                       0.486 (  0.5%)        0.486 (  0.5%)        0.000 (  0.0%)
***> Forces                          56.611 ( 54.8%)       56.611 ( 54.8%)        0.000 (  0.0%)
***> First Step                      43.839 ( 42.5%)       43.839 ( 42.5%)        0.000 (  0.0%)
***> Observables                      0.381 (  0.4%)        0.381 (  0.4%)        0.000 (  0.0%)


Please cite at least the following publication for any work that uses the oxDNA simulation package
  * E. Poppleton et al., J. Open Source Softw. 8, 4693 (2023), DOI: 10.21105/joss.04693
Run time: 103.99947950104252