           0         0.0000  -1.501406   0.295056  -1.206349 
      100000       300.0000  -1.504962   0.287096  -1.217866 
INFO: seeding the RNG with -855806296
INFO: Initializing backend 
INFO: Simulation type: MD
INFO: CUDA backend precision: mixed
INFO: The generator will try to take into account bonded interactions by choosing distances between bonded neighbours no larger than 2.000000
INFO: Converting temperature from Celsius (20.000000 C°) to simulation units (0.097717)
INFO: Running Debye-Huckel at salt concentration =  1
INFO: Using different widths for major and minor grooves
INFO: Temperature change detected (new temperature: 20.00 C, 293.15 K), re-initialising the DNA interaction
DEBUG: Debye-Huckel parameters: Q=0.054300, lambda_0=0.361646, lambda=0.357493, r_high=1.072479, cutoff=2.571515
DEBUG: Debye-Huckel parameters: debye_huckel_RC=1.608718e+00, debye_huckel_B=8.766182e-03
INFO: The Debye length at this temperature and salt concentration is 0.357493
INFO: Setting the maximum IO limit to 5 MB/s
INFO: Using CUDA device 0
INFO: The generator will try to take into account bonded interactions by choosing distances between bonded neighbours no larger than 2.000000
INFO: Using edge-based approach
INFO: pid: 116757
DEBUG: Debye-Huckel parameters: Q=0.054300, lambda_0=0.361646, lambda=0.357493, r_high=1.072479, cutoff=2.571515
DEBUG: Debye-Huckel parameters: debye_huckel_RC=1.608718e+00, debye_huckel_B=8.766182e-03
INFO: The Debye length at this temperature and salt concentration is 0.357493
INFO: (Cells.cpp) N_cells_side: 19, 19, 19; rcut=3.57152, IS_MC: 0
INFO: N: 2991, N molecules: 46
INFO: Using randomly distributed velocities
INFO: Initial kinetic energy: 882.513403
INFO: threads_per_block was not specified or set to 0. The default value (64) will be used
INFO: CUDA Cells mem: 78.29 MBs, lists mem: 0.01 MBs
INFO: CUDA max_neigh: 2990, max_N_per_cell: 2991, N_cells: 6859 (per side: 19 19 19)
INFO: Allocated CUDA memory: 181.28 MBs

INFO: Total Running Time: 156.476 s, per step: 1.56476 ms
INFO: Timings, in seconds, by Timer (total, own, spent in children)
> SimBackend                        156.476 (100.0%)        0.630 (  0.4%)      155.846 ( 99.6%)
***> Hilbert sorting                  0.166 (  0.1%)        0.166 (  0.1%)        0.000 (  0.0%)
***> Lists                            1.528 (  1.0%)        1.528 (  1.0%)        0.000 (  0.0%)
***> Thermostat                       0.945 (  0.6%)        0.945 (  0.6%)        0.000 (  0.0%)
***> Forces                          84.562 ( 54.0%)       84.562 ( 54.0%)        0.000 (  0.0%)
***> First Step                      68.154 ( 43.6%)       68.154 ( 43.6%)        0.000 (  0.0%)
***> Observables                      0.490 (  0.3%)        0.490 (  0.3%)        0.000 (  0.0%)


Please cite at least the following publication for any work that uses the oxDNA simulation package
  * E. Poppleton et al., J. Open Source Softw. 8, 4693 (2023), DOI: 10.21105/joss.04693
Run time: 157.26168924197555