           0  -0.621627   0.000  0.000  0.000  
         100  -1.516508   0.059  0.600  0.000  
INFO: seeding the RNG with 1809164410
INFO: Initializing backend 

WARNING: The 'backend_precision' option cannot be set by input file when running on CPU

INFO: Simulation type: MC
INFO: The generator will try to take into account bonded interactions by choosing distances between bonded neighbours no larger than 2.000000
INFO: Converting temperature from Celsius (30.000000 C°) to simulation units (0.101050)
INFO: Using a maximum backbone force of 200  (the corresponding mbf_xmax is 0.24505) and a far value of 200
INFO: Running Debye-Huckel at salt concentration =  1
INFO: Using different widths for major and minor grooves
INFO: Temperature change detected (new temperature: 30.00 C, 303.15 K), re-initialising the DNA interaction
DEBUG: Debye-Huckel parameters: Q=0.054300, lambda_0=0.361646, lambda=0.363539, r_high=1.090618, cutoff=2.598724
DEBUG: Debye-Huckel parameters: debye_huckel_RC=1.635926e+00, debye_huckel_B=8.336024e-03
INFO: The Debye length at this temperature and salt concentration is 0.363539
INFO: Setting the maximum IO limit to 5 MB/s
INFO: pid: 61887
DEBUG: Debye-Huckel parameters: Q=0.054300, lambda_0=0.361646, lambda=0.363539, r_high=1.090618, cutoff=2.598724
DEBUG: Debye-Huckel parameters: debye_huckel_RC=1.635926e+00, debye_huckel_B=8.336024e-03
INFO: The Debye length at this temperature and salt concentration is 0.363539
INFO: (Cells.cpp) N_cells_side: 21, 21, 21; rcut=3.59872, IS_MC: 1
INFO: N: 4372, N molecules: 67

INFO: Total Running Time: 3.85422 s, per step: 38.5422 ms
INFO: Timings, in seconds, by Timer (total, own, spent in children)
> SimBackend                          3.854 (100.0%)        0.285 (  7.4%)        3.569 ( 92.6%)
***> Rotations+Translations           3.375 ( 87.6%)        3.375 ( 87.6%)        0.000 (  0.0%)
***> Observables                      0.194 (  5.0%)        0.194 (  5.0%)        0.000 (  0.0%)
> Lists                               0.038 (  1.0%)        0.038 (  1.0%)        0.000 (  0.0%)


Please cite at least the following publication for any work that uses the oxDNA simulation package
  * E. Poppleton et al., J. Open Source Softw. 8, 4693 (2023), DOI: 10.21105/joss.04693
Run time: 4.161041291008587